<?xml version="1.0" encoding="UTF-8"?>
<!-- Generated by org.testng.reporters.JUnitXMLReporter -->
<testsuite ignored="0" hostname="LAPTOP-41VI2DO3" failures="1" tests="5" name="ProductsPage Test_FF_80" time="11.962" errors="0" timestamp="06 Sep 2021 21:52:32 GMT">
  <testcase classname="com.qa.saucedemo.test.ProductPageTest" name="clickOnMultipleProducts" time="1.109"/>
  <testcase classname="com.qa.saucedemo.test.ProductPageTest" name="verifyAscendingOrderOfPrices" time="0.227"/>
  <testcase classname="com.qa.saucedemo.test.ProductPageTest" name="verifyDescendingOrderOfPrices" time="0.228"/>
  <testcase classname="com.qa.saucedemo.test.ProductPageTest" name="verifyItemTshirtAdded" time="5.561">
    <failure type="java.lang.AssertionError" message="The following asserts failed:
	expected [true] but found [false],
	expected [true] but found [false],
	expected [true] but found [false],
	expected [true] but found [false]">
      <![CDATA[java.lang.AssertionError: The following asserts failed:
expected [true] but found [false],
expected [true] but found [false],
expected [true] but found [false],
expected [true] but found [false]
at com.qa.saucedemo.test.ProductPageTest.verifyItemTshirtAdded(ProductPageTest.java:44)
at java.base/java.util.concurrent.FutureTask.run(FutureTask.java:264)
at java.base/java.util.concurrent.ThreadPoolExecutor.runWorker(ThreadPoolExecutor.java:1128)
at java.base/java.util.concurrent.ThreadPoolExecutor$Worker.run(ThreadPoolExecutor.java:628)
at java.base/java.lang.Thread.run(Thread.java:834)
... Removed 17 stack frames]]>
    </failure>
  </testcase> <!-- verifyItemTshirtAdded -->
  <testcase classname="com.qa.saucedemo.test.ProductPageTest" name="verifyTheCountOfImages" time="0.027"/>
</testsuite> <!-- ProductsPage Test_FF_80 -->
